Determining if the Q_WS_WIN exist failed with the following output:
Change Dir: /breeder_blanket_model_maker/McCadtrunk5/build/CMakeFiles/CMakeTmp

Run Build Command:"/usr/bin/make" "cmTC_240f0/fast"
/usr/bin/make -f CMakeFiles/cmTC_240f0.dir/build.make CMakeFiles/cmTC_240f0.dir/build
make[1]: Entering directory '/breeder_blanket_model_maker/McCadtrunk5/build/CMakeFiles/CMakeTmp'
Building CXX object CMakeFiles/cmTC_240f0.dir/CheckSymbolExists.cxx.o
/usr/bin/c++    -I/usr/include/qt4   -o CMakeFiles/cmTC_240f0.dir/CheckSymbolExists.cxx.o -c /breeder_blanket_model_maker/McCadtrunk5/build/CMakeFiles/CMakeTmp/CheckSymbolExists.cxx
/breeder_blanket_model_maker/McCadtrunk5/build/CMakeFiles/CMakeTmp/CheckSymbolExists.cxx: In function 'int main(int, char**)':
/breeder_blanket_model_maker/McCadtrunk5/build/CMakeFiles/CMakeTmp/CheckSymbolExists.cxx:8:19: error: 'Q_WS_WIN' was not declared in this scope
   return ((int*)(&Q_WS_WIN))[argc];
                   ^
CMakeFiles/cmTC_240f0.dir/build.make:65: recipe for target 'CMakeFiles/cmTC_240f0.dir/CheckSymbolExists.cxx.o' failed
make[1]: *** [CMakeFiles/cmTC_240f0.dir/CheckSymbolExists.cxx.o] Error 1
make[1]: Leaving directory '/breeder_blanket_model_maker/McCadtrunk5/build/CMakeFiles/CMakeTmp'
Makefile:126: recipe for target 'cmTC_240f0/fast' failed
make: *** [cmTC_240f0/fast] Error 2

File /breeder_blanket_model_maker/McCadtrunk5/build/CMakeFiles/CMakeTmp/CheckSymbolExists.cxx:
/* */
#include <QtCore/qglobal.h>

int main(int argc, char** argv)
{
  (void)argv;
#ifndef Q_WS_WIN
  return ((int*)(&Q_WS_WIN))[argc];
#else
  (void)argc;
  return 0;
#endif
}

Determining if the Q_WS_QWS exist failed with the following output:
Change Dir: /breeder_blanket_model_maker/McCadtrunk5/build/CMakeFiles/CMakeTmp

Run Build Command:"/usr/bin/make" "cmTC_6470d/fast"
/usr/bin/make -f CMakeFiles/cmTC_6470d.dir/build.make CMakeFiles/cmTC_6470d.dir/build
make[1]: Entering directory '/breeder_blanket_model_maker/McCadtrunk5/build/CMakeFiles/CMakeTmp'
Building CXX object CMakeFiles/cmTC_6470d.dir/CheckSymbolExists.cxx.o
/usr/bin/c++    -I/usr/include/qt4   -o CMakeFiles/cmTC_6470d.dir/CheckSymbolExists.cxx.o -c /breeder_blanket_model_maker/McCadtrunk5/build/CMakeFiles/CMakeTmp/CheckSymbolExists.cxx
/breeder_blanket_model_maker/McCadtrunk5/build/CMakeFiles/CMakeTmp/CheckSymbolExists.cxx: In function 'int main(int, char**)':
/breeder_blanket_model_maker/McCadtrunk5/build/CMakeFiles/CMakeTmp/CheckSymbolExists.cxx:8:19: error: 'Q_WS_QWS' was not declared in this scope
   return ((int*)(&Q_WS_QWS))[argc];
                   ^
CMakeFiles/cmTC_6470d.dir/build.make:65: recipe for target 'CMakeFiles/cmTC_6470d.dir/CheckSymbolExists.cxx.o' failed
make[1]: *** [CMakeFiles/cmTC_6470d.dir/CheckSymbolExists.cxx.o] Error 1
make[1]: Leaving directory '/breeder_blanket_model_maker/McCadtrunk5/build/CMakeFiles/CMakeTmp'
Makefile:126: recipe for target 'cmTC_6470d/fast' failed
make: *** [cmTC_6470d/fast] Error 2

File /breeder_blanket_model_maker/McCadtrunk5/build/CMakeFiles/CMakeTmp/CheckSymbolExists.cxx:
/* */
#include <QtCore/qglobal.h>

int main(int argc, char** argv)
{
  (void)argv;
#ifndef Q_WS_QWS
  return ((int*)(&Q_WS_QWS))[argc];
#else
  (void)argc;
  return 0;
#endif
}

Determining if the Q_WS_MAC exist failed with the following output:
Change Dir: /breeder_blanket_model_maker/McCadtrunk5/build/CMakeFiles/CMakeTmp

Run Build Command:"/usr/bin/make" "cmTC_7e6d4/fast"
/usr/bin/make -f CMakeFiles/cmTC_7e6d4.dir/build.make CMakeFiles/cmTC_7e6d4.dir/build
make[1]: Entering directory '/breeder_blanket_model_maker/McCadtrunk5/build/CMakeFiles/CMakeTmp'
Building CXX object CMakeFiles/cmTC_7e6d4.dir/CheckSymbolExists.cxx.o
/usr/bin/c++    -I/usr/include/qt4   -o CMakeFiles/cmTC_7e6d4.dir/CheckSymbolExists.cxx.o -c /breeder_blanket_model_maker/McCadtrunk5/build/CMakeFiles/CMakeTmp/CheckSymbolExists.cxx
/breeder_blanket_model_maker/McCadtrunk5/build/CMakeFiles/CMakeTmp/CheckSymbolExists.cxx: In function 'int main(int, char**)':
/breeder_blanket_model_maker/McCadtrunk5/build/CMakeFiles/CMakeTmp/CheckSymbolExists.cxx:8:19: error: 'Q_WS_MAC' was not declared in this scope
   return ((int*)(&Q_WS_MAC))[argc];
                   ^
CMakeFiles/cmTC_7e6d4.dir/build.make:65: recipe for target 'CMakeFiles/cmTC_7e6d4.dir/CheckSymbolExists.cxx.o' failed
make[1]: *** [CMakeFiles/cmTC_7e6d4.dir/CheckSymbolExists.cxx.o] Error 1
make[1]: Leaving directory '/breeder_blanket_model_maker/McCadtrunk5/build/CMakeFiles/CMakeTmp'
Makefile:126: recipe for target 'cmTC_7e6d4/fast' failed
make: *** [cmTC_7e6d4/fast] Error 2

File /breeder_blanket_model_maker/McCadtrunk5/build/CMakeFiles/CMakeTmp/CheckSymbolExists.cxx:
/* */
#include <QtCore/qglobal.h>

int main(int argc, char** argv)
{
  (void)argv;
#ifndef Q_WS_MAC
  return ((int*)(&Q_WS_MAC))[argc];
#else
  (void)argc;
  return 0;
#endif
}

